============================================================
  Generated by:           Genus(TM) Synthesis Solution 20.12-s150_1
  Generated on:           Apr 27 2022  12:58:47 am
  Module:                 ALU
  Technology libraries:   asap7sc7p5t_AO_LVT_FF_ccs_211120 1.0
                          asap7sc7p5t_OA_SLVT_FF_ccs_211120 1.0
                          asap7sc7p5t_AO_LVT_FF_ccsa_211120 1.0
                          asap7sc7p5t_OA_SLVT_FF_ccsa_211120 1.0
                          asap7sc7p5t_AO_LVT_FF_ccsn_211120 1.0
                          asap7sc7p5t_OA_SLVT_FF_ccsn_211120 1.0
                          asap7sc7p5t_AO_LVT_SS_ccs_211120 1.0
                          asap7sc7p5t_OA_SLVT_SS_ccs_211120 1.0
                          asap7sc7p5t_AO_LVT_SS_ccsa_211120 1.0
                          asap7sc7p5t_OA_SLVT_SS_ccsa_211120 1.0
                          asap7sc7p5t_AO_LVT_SS_ccsn_211120 1.0
                          asap7sc7p5t_OA_SLVT_SS_ccsn_211120 1.0
                          asap7sc7p5t_AO_LVT_TT_ccs_211120 1.0
                          asap7sc7p5t_OA_SLVT_TT_ccs_211120 1.0
                          asap7sc7p5t_AO_LVT_TT_ccsa_211120 1.0
                          asap7sc7p5t_OA_SLVT_TT_ccsa_211120 1.0
                          asap7sc7p5t_AO_LVT_TT_ccsn_211120 1.0
                          asap7sc7p5t_OA_SLVT_TT_ccsn_211120 1.0
                          asap7sc7p5t_AO_RVT_FF_ccs_211120 1.0
                          asap7sc7p5t_OA_SRAM_FF_ccs_211120 1.0
                          asap7sc7p5t_AO_RVT_FF_ccsa_211120 1.0
                          asap7sc7p5t_OA_SRAM_FF_ccsa_211120 1.0
                          asap7sc7p5t_AO_RVT_FF_ccsn_211120 1.0
                          asap7sc7p5t_OA_SRAM_FF_ccsn_211120 1.0
                          asap7sc7p5t_AO_RVT_SS_ccs_211120 1.0
                          asap7sc7p5t_OA_SRAM_SS_ccs_211120 1.0
                          asap7sc7p5t_AO_RVT_SS_ccsa_211120 1.0
                          asap7sc7p5t_OA_SRAM_SS_ccsa_211120 1.0
                          asap7sc7p5t_AO_RVT_SS_ccsn_211120 1.0
                          asap7sc7p5t_OA_SRAM_SS_ccsn_211120 1.0
                          asap7sc7p5t_AO_RVT_TT_ccs_211120 1.0
                          asap7sc7p5t_OA_SRAM_TT_ccs_211120 1.0
                          asap7sc7p5t_AO_RVT_TT_ccsa_211120 1.0
                          asap7sc7p5t_OA_SRAM_TT_ccsa_211120 1.0
                          asap7sc7p5t_AO_RVT_TT_ccsn_211120 1.0
                          asap7sc7p5t_OA_SRAM_TT_ccsn_211120 1.0
                          asap7sc7p5t_AO_SLVT_FF_ccs_211120 1.0
                          asap7sc7p5t_SEQ_LVT_FF_ccs_220123 1.0
                          asap7sc7p5t_AO_SLVT_FF_ccsa_211120 1.0
                          asap7sc7p5t_SEQ_LVT_FF_ccsa_220123 1.0
                          asap7sc7p5t_AO_SLVT_FF_ccsn_211120 1.0
                          asap7sc7p5t_SEQ_LVT_FF_ccsn_220123 1.0
                          asap7sc7p5t_AO_SLVT_SS_ccs_211120 1.0
                          asap7sc7p5t_SEQ_LVT_SS_ccs_220123 1.0
                          asap7sc7p5t_AO_SLVT_SS_ccsa_211120 1.0
                          asap7sc7p5t_SEQ_LVT_SS_ccsa_220123 1.0
                          asap7sc7p5t_AO_SLVT_SS_ccsn_211120 1.0
                          asap7sc7p5t_SEQ_LVT_SS_ccsn_220123 1.0
                          asap7sc7p5t_AO_SLVT_TT_ccs_211120 1.0
                          asap7sc7p5t_SEQ_LVT_TT_ccs_220123 1.0
                          asap7sc7p5t_AO_SLVT_TT_ccsa_211120 1.0
                          asap7sc7p5t_SEQ_LVT_TT_ccsa_220123 1.0
                          asap7sc7p5t_AO_SLVT_TT_ccsn_211120 1.0
                          asap7sc7p5t_SEQ_LVT_TT_ccsn_220123 1.0
                          asap7sc7p5t_AO_SRAM_FF_ccs_211120 1.0
                          asap7sc7p5t_SEQ_RVT_FF_ccs_220123 1.0
                          asap7sc7p5t_AO_SRAM_FF_ccsa_211120 1.0
                          asap7sc7p5t_SEQ_RVT_FF_ccsa_220123 1.0
                          asap7sc7p5t_AO_SRAM_FF_ccsn_211120 1.0
                          asap7sc7p5t_SEQ_RVT_FF_ccsn_220123 1.0
                          asap7sc7p5t_AO_SRAM_SS_ccs_211120 1.0
                          asap7sc7p5t_SEQ_RVT_SS_ccs_220123 1.0
                          asap7sc7p5t_AO_SRAM_SS_ccsa_211120 1.0
                          asap7sc7p5t_SEQ_RVT_SS_ccsa_220123 1.0
                          asap7sc7p5t_AO_SRAM_SS_ccsn_211120 1.0
                          asap7sc7p5t_SEQ_RVT_SS_ccsn_220123 1.0
                          asap7sc7p5t_AO_SRAM_TT_ccs_211120 1.0
                          asap7sc7p5t_SEQ_RVT_TT_ccs_220123 1.0
                          asap7sc7p5t_AO_SRAM_TT_ccsa_211120 1.0
                          asap7sc7p5t_SEQ_RVT_TT_ccsa_220123 1.0
                          asap7sc7p5t_AO_SRAM_TT_ccsn_211120 1.0
                          asap7sc7p5t_SEQ_RVT_TT_ccsn_220123 1.0
                          asap7sc7p5t_INVBUF_LVT_FF_ccs_211120 1.0
                          asap7sc7p5t_SEQ_SLVT_FF_ccs_220123 1.0
                          asap7sc7p5t_INVBUF_LVT_FF_ccsa_211120 1.0
                          asap7sc7p5t_SEQ_SLVT_FF_ccsa_220123 1.0
                          asap7sc7p5t_INVBUF_LVT_FF_ccsn_211120 1.0
                          asap7sc7p5t_SEQ_SLVT_FF_ccsn_220123 1.0
                          asap7sc7p5t_INVBUF_LVT_SS_ccs_211120 1.0
                          asap7sc7p5t_SEQ_SLVT_SS_ccs_220123 1.0
                          asap7sc7p5t_INVBUF_LVT_SS_ccsa_211120 1.0
                          asap7sc7p5t_SEQ_SLVT_SS_ccsa_220123 1.0
                          asap7sc7p5t_INVBUF_LVT_SS_ccsn_211120 1.0
                          asap7sc7p5t_SEQ_SLVT_SS_ccsn_220123 1.0
                          asap7sc7p5t_INVBUF_LVT_TT_ccs_211120 1.0
                          asap7sc7p5t_SEQ_SLVT_TT_ccs_220123 1.0
                          asap7sc7p5t_INVBUF_LVT_TT_ccsa_211120 1.0
                          asap7sc7p5t_SEQ_SLVT_TT_ccsa_220123 1.0
                          asap7sc7p5t_INVBUF_LVT_TT_ccsn_211120 1.0
                          asap7sc7p5t_SEQ_SLVT_TT_ccsn_220123 1.0
                          asap7sc7p5t_INVBUF_RVT_FF_ccs_211120 1.0
                          asap7sc7p5t_SEQ_SRAM_FF_ccs_220123 1.0
                          asap7sc7p5t_INVBUF_RVT_FF_ccsa_211120 1.0
                          asap7sc7p5t_SEQ_SRAM_FF_ccsa_220123 1.0
                          asap7sc7p5t_INVBUF_RVT_FF_ccsn_211120 1.0
                          asap7sc7p5t_SEQ_SRAM_FF_ccsn_220123 1.0
                          asap7sc7p5t_INVBUF_RVT_SS_ccs_211120 1.0
                          asap7sc7p5t_SEQ_SRAM_SS_ccs_220123 1.0
                          asap7sc7p5t_INVBUF_RVT_SS_ccsa_211120 1.0
                          asap7sc7p5t_SEQ_SRAM_SS_ccsa_220123 1.0
                          asap7sc7p5t_INVBUF_RVT_SS_ccsn_211120 1.0
                          asap7sc7p5t_SEQ_SRAM_SS_ccsn_220123 1.0
                          asap7sc7p5t_INVBUF_RVT_TT_ccs_211120 1.0
                          asap7sc7p5t_SEQ_SRAM_TT_ccs_220123 1.0
                          asap7sc7p5t_INVBUF_RVT_TT_ccsa_211120 1.0
                          asap7sc7p5t_SEQ_SRAM_TT_ccsa_220123 1.0
                          asap7sc7p5t_INVBUF_RVT_TT_ccsn_211120 1.0
                          asap7sc7p5t_SEQ_SRAM_TT_ccsn_220123 1.0
                          asap7sc7p5t_INVBUF_SLVT_FF_ccs_211120 1.0
                          asap7sc7p5t_SIMPLE_LVT_FF_ccs_211120 1.0
                          asap7sc7p5t_INVBUF_SLVT_FF_ccsa_211120 1.0
                          asap7sc7p5t_SIMPLE_LVT_FF_ccsa_211120 1.0
                          asap7sc7p5t_INVBUF_SLVT_FF_ccsn_211120 1.0
                          asap7sc7p5t_SIMPLE_LVT_FF_ccsn_211120 1.0
                          asap7sc7p5t_INVBUF_SLVT_SS_ccs_211120 1.0
                          asap7sc7p5t_SIMPLE_LVT_SS_ccs_211120 1.0
                          asap7sc7p5t_INVBUF_SLVT_SS_ccsa_211120 1.0
                          asap7sc7p5t_SIMPLE_LVT_SS_ccsa_211120 1.0
                          asap7sc7p5t_INVBUF_SLVT_SS_ccsn_211120 1.0
                          asap7sc7p5t_SIMPLE_LVT_SS_ccsn_211120 1.0
                          asap7sc7p5t_INVBUF_SLVT_TT_ccs_211120 1.0
                          asap7sc7p5t_SIMPLE_LVT_TT_ccs_211120 1.0
                          asap7sc7p5t_INVBUF_SLVT_TT_ccsa_211120 1.0
                          asap7sc7p5t_SIMPLE_LVT_TT_ccsa_211120 1.0
                          asap7sc7p5t_INVBUF_SLVT_TT_ccsn_211120 1.0
                          asap7sc7p5t_SIMPLE_LVT_TT_ccsn_211120 1.0
                          asap7sc7p5t_INVBUF_SRAM_FF_ccs_211120 1.0
                          asap7sc7p5t_SIMPLE_RVT_FF_ccs_211120 1.0
                          asap7sc7p5t_INVBUF_SRAM_FF_ccsa_211120 1.0
                          asap7sc7p5t_SIMPLE_RVT_FF_ccsa_211120 1.0
                          asap7sc7p5t_INVBUF_SRAM_FF_ccsn_211120 1.0
                          asap7sc7p5t_SIMPLE_RVT_FF_ccsn_211120 1.0
                          asap7sc7p5t_INVBUF_SRAM_SS_ccs_211120 1.0
                          asap7sc7p5t_SIMPLE_RVT_SS_ccs_211120 1.0
                          asap7sc7p5t_INVBUF_SRAM_SS_ccsa_211120 1.0
                          asap7sc7p5t_SIMPLE_RVT_SS_ccsa_211120 1.0
                          asap7sc7p5t_INVBUF_SRAM_SS_ccsn_211120 1.0
                          asap7sc7p5t_SIMPLE_RVT_SS_ccsn_211120 1.0
                          asap7sc7p5t_INVBUF_SRAM_TT_ccs_211120 1.0
                          asap7sc7p5t_SIMPLE_RVT_TT_ccs_211120 1.0
                          asap7sc7p5t_INVBUF_SRAM_TT_ccsa_211120 1.0
                          asap7sc7p5t_SIMPLE_RVT_TT_ccsa_211120 1.0
                          asap7sc7p5t_INVBUF_SRAM_TT_ccsn_211120 1.0
                          asap7sc7p5t_SIMPLE_RVT_TT_ccsn_211120 1.0
                          asap7sc7p5t_OA_LVT_FF_ccs_211120 1.0
                          asap7sc7p5t_SIMPLE_SLVT_FF_ccs_211120 1.0
                          asap7sc7p5t_OA_LVT_FF_ccsa_211120 1.0
                          asap7sc7p5t_SIMPLE_SLVT_FF_ccsa_211120 1.0
                          asap7sc7p5t_OA_LVT_FF_ccsn_211120 1.0
                          asap7sc7p5t_SIMPLE_SLVT_FF_ccsn_211120 1.0
                          asap7sc7p5t_OA_LVT_SS_ccs_211120 1.0
                          asap7sc7p5t_SIMPLE_SLVT_SS_ccs_211120 1.0
                          asap7sc7p5t_OA_LVT_SS_ccsa_211120 1.0
                          asap7sc7p5t_SIMPLE_SLVT_SS_ccsa_211120 1.0
                          asap7sc7p5t_OA_LVT_SS_ccsn_211120 1.0
                          asap7sc7p5t_SIMPLE_SLVT_SS_ccsn_211120 1.0
                          asap7sc7p5t_OA_LVT_TT_ccs_211120 1.0
                          asap7sc7p5t_SIMPLE_SLVT_TT_ccs_211120 1.0
                          asap7sc7p5t_OA_LVT_TT_ccsa_211120 1.0
                          asap7sc7p5t_SIMPLE_SLVT_TT_ccsa_211120 1.0
                          asap7sc7p5t_OA_LVT_TT_ccsn_211120 1.0
                          asap7sc7p5t_SIMPLE_SLVT_TT_ccsn_211120 1.0
                          asap7sc7p5t_OA_RVT_FF_ccs_211120 1.0
                          asap7sc7p5t_SIMPLE_SRAM_FF_ccs_211120 1.0
                          asap7sc7p5t_OA_RVT_FF_ccsa_211120 1.0
                          asap7sc7p5t_SIMPLE_SRAM_FF_ccsa_211120 1.0
                          asap7sc7p5t_OA_RVT_FF_ccsn_211120 1.0
                          asap7sc7p5t_SIMPLE_SRAM_FF_ccsn_211120 1.0
                          asap7sc7p5t_OA_RVT_SS_ccs_211120 1.0
                          asap7sc7p5t_SIMPLE_SRAM_SS_ccs_211120 1.0
                          asap7sc7p5t_OA_RVT_SS_ccsa_211120 1.0
                          asap7sc7p5t_SIMPLE_SRAM_SS_ccsa_211120 1.0
                          asap7sc7p5t_OA_RVT_SS_ccsn_211120 1.0
                          asap7sc7p5t_SIMPLE_SRAM_SS_ccsn_211120 1.0
                          asap7sc7p5t_OA_RVT_TT_ccs_211120 1.0
                          asap7sc7p5t_SIMPLE_SRAM_TT_ccs_211120 1.0
                          asap7sc7p5t_OA_RVT_TT_ccsa_211120 1.0
                          asap7sc7p5t_SIMPLE_SRAM_TT_ccsa_211120 1.0
                          asap7sc7p5t_OA_RVT_TT_ccsn_211120 1.0
                          asap7sc7p5t_SIMPLE_SRAM_TT_ccsn_211120 1.0
                          physical_cells 
  Operating conditions:   PVT_0P77V_0C 
  Interconnect mode:      global
  Area mode:              physical library
============================================================

Instance Module  Cell Count  Cell Area  Net Area   Total Area 
--------------------------------------------------------------
ALU                      21     44.090    13.965       58.055 
