============================================================
  Generated by:           Genus(TM) Synthesis Solution 20.12-s150_1
  Generated on:           Apr 27 2022  01:11:05 am
  Module:                 ALU
  Operating conditions:   PVT_0P77V_0C 
  Interconnect mode:      global
  Area mode:              physical library
============================================================


Path 1: MET (0 ps) Setup Check with Pin Z_reg[0]/CLK->D
          Group: clk
     Startpoint: (R) B[3]
          Clock: (R) clk
       Endpoint: (F) Z_reg[0]/D
          Clock: (R) clk

                     Capture       Launch     
        Clock Edge:+     400            0     
        Drv Adjust:+       0            0     
       Src Latency:+       0            0     
       Net Latency:+       0 (I)        0 (I) 
           Arrival:=     400            0     
                                              
             Setup:-       5                  
       Uncertainty:-       5                  
     Required Time:=     390                  
      Launch Clock:-       0                  
       Input Delay:-      15                  
         Data Path:-     375                  
             Slack:=       0                  

Exceptions/Constraints:
  input_delay              15             alu8.sdc_line_9_12_1 

#----------------------------------------------------------------------------------------------------------------
#     Timing Point       Flags   Arc   Edge            Cell             Fanout Load Trans Delay Arrival Instance 
#                                                                              (fF)  (ps)  (ps)   (ps)  Location 
#----------------------------------------------------------------------------------------------------------------
  B[3]                   -       -     R     (arrival)                       4  2.8     0     0      15    (-,-) 
  fopt6744/Y             -       A->Y  R     BUFx2_ASAP7_75t_SL              3  2.9    10    11      26    (-,-) 
  div_28_8_g5610__1617/Y -       A->Y  F     NOR2x1_ASAP7_75t_L              2  1.8    13    10      35    (-,-) 
  div_28_8_g5606/Y       -       A->Y  R     INVx1_ASAP7_75t_SL              1  0.9     8     6      41    (-,-) 
  div_28_8_g5575__2802/Y -       B->Y  F     NAND2xp5_ASAP7_75t_SL           1  2.2    21    10      51    (-,-) 
  div_28_8_g5549__7482/Y -       B->Y  F     XNOR2x1_ASAP7_75t_SL            4  3.4    20    17      68    (-,-) 
  div_28_8_g5538__1705/Y -       D->Y  R     A2O1A1O1Ixp25_ASAP7_75t_SL      1  0.9    28    16      84    (-,-) 
  div_28_8_g5531__8428/Y -       B->Y  F     OAI211xp5_ASAP7_75t_SL          1  1.0    27    11      95    (-,-) 
  div_28_8_g5524__7410/Y -       B->Y  F     AO21x1_ASAP7_75t_SL             2  1.8    12    16     112    (-,-) 
  div_28_8_g5512__5115/Y -       A->Y  F     AND2x2_ASAP7_75t_SL             3  3.2    10    15     126    (-,-) 
  div_28_8_g5510__6131/Y -       B->Y  R     NOR2x1_ASAP7_75t_SL             3  3.3    19    11     137    (-,-) 
  div_28_8_g5507__5122/Y -       B->Y  F     NAND2xp5_ASAP7_75t_SL           1  1.7    18    10     147    (-,-) 
  div_28_8_g5502__1617/Y -       B2->Y R     AOI22x1_ASAP7_75t_SL            7  5.5    36    17     164    (-,-) 
  div_28_8_g5479__7482/Y -       B->Y  F     NOR2xp33_ASAP7_75t_SL           2  1.6    29    18     182    (-,-) 
  div_28_8_g5469__1617/Y -       B->Y  F     AO21x1_ASAP7_75t_SL             2  2.2    13    17     200    (-,-) 
  div_28_8_g5460__5477/Y -       A2->Y F     AO21x1_ASAP7_75t_SL             2  2.7    15    16     215    (-,-) 
  div_28_8_g5452__9945/Y -       A1->Y R     AOI22x1_ASAP7_75t_R             6  5.2    39    24     239    (-,-) 
  div_28_8_g5445__1881/Y -       B->Y  F     NOR2x1_ASAP7_75t_SL             4  3.3    23    14     253    (-,-) 
  div_28_8_g5443__7098/Y -       B1->Y F     AO222x2_ASAP7_75t_SL            1  1.0    12    23     276    (-,-) 
  div_28_8_g5436__1617/Y -       D->Y  R     A2O1A1O1Ixp25_ASAP7_75t_SL      5  3.9    71    30     306    (-,-) 
  div_28_8_g5426__5477/Y -       A1->Y R     AO221x1_ASAP7_75t_SL            2  1.9    16    28     335    (-,-) 
  div_28_8_g5413__6131/Y -       A->Y  R     AND3x1_ASAP7_75t_SL             1  1.0     9    14     349    (-,-) 
  div_28_8_g5406__3680/Y -       B1->Y F     OAI222xp33_ASAP7_75t_SL         1  1.0    34    12     361    (-,-) 
  div_28_8_g5402__4319/Y -       A1->Y R     AOI322xp5_ASAP7_75t_SL          1  1.0    35    18     379    (-,-) 
  div_28_8_g5399__2398/Y -       A1->Y F     OAI22xp5_ASAP7_75t_SL           1  1.0    21    11     390    (-,-) 
  Z_reg[0]/D             <<<     -     F     DFFHQx4_ASAP7_75t_SL            1    -     -     0     390    (-,-) 
#----------------------------------------------------------------------------------------------------------------

