============================================================
  Generated by:           Genus(TM) Synthesis Solution 20.12-s150_1
  Generated on:           May 01 2022  08:39:20 pm
  Module:                 ALU
  Operating conditions:   PVT_0P77V_0C 
  Interconnect mode:      global
  Area mode:              physical library
============================================================


Path 1: VIOLATED (-52 ps) Setup Check with Pin Z_reg[0]/CLK->D
          Group: clk
     Startpoint: (R) B[1]
          Clock: (R) clk
       Endpoint: (R) Z_reg[0]/D
          Clock: (R) clk

                     Capture       Launch     
        Clock Edge:+     300            0     
        Drv Adjust:+       0            0     
       Src Latency:+       0            0     
       Net Latency:+       0 (I)        0 (I) 
           Arrival:=     300            0     
                                              
             Setup:-       7                  
       Uncertainty:-       5                  
     Required Time:=     288                  
      Launch Clock:-       0                  
       Input Delay:-      15                  
         Data Path:-     325                  
             Slack:=     -52                  

Exceptions/Constraints:
  input_delay              15             alu8.sdc_2_line_9_56_1 

#------------------------------------------------------------------------------------------------------
#  Timing Point   Flags   Arc   Edge          Cell            Fanout Load Trans Delay Arrival Instance 
#                                                                    (fF)  (ps)  (ps)   (ps)  Location 
#------------------------------------------------------------------------------------------------------
  B[1]            -       -     R     (arrival)                   10 14.6     0     0      15    (-,-) 
  g2203/Y         -       A->Y  F     NAND2x2_ASAP7_75t_SL         1  1.5     4     4      19    (-,-) 
  g15961/Y        -       A2->Y R     OAI21x1_ASAP7_75t_SL         1  1.6    13     7      26    (-,-) 
  g15959/Y        -       B->Y  F     AOI21x1_ASAP7_75t_SL         1  1.5    11     7      33    (-,-) 
  g76/Y           -       A2->Y R     OAI21x1_ASAP7_75t_SL         3  3.1    20    11      44    (-,-) 
  g97/Y           -       B->Y  F     AOI21xp5_ASAP7_75t_SL        2  1.9    21    11      55    (-,-) 
  g86/Y           -       A1->Y F     AO21x2_ASAP7_75t_SL          3  3.6    12    19      74    (-,-) 
  g85/Y           -       A->Y  R     INVxp67_ASAP7_75t_SL         1  1.0    11     7      81    (-,-) 
  g17194/Y        -       A2->Y R     OA21x2_ASAP7_75t_SL          5  4.0    14    16      97    (-,-) 
  g54/Y           -       B->Y  F     OAI21xp5_ASAP7_75t_SL        3  2.2    22    11     108    (-,-) 
  g71/Y           -       B->Y  F     AND2x2_ASAP7_75t_SL          4  3.6    11    16     124    (-,-) 
  g68/Y           -       A2->Y R     OAI21xp5_ASAP7_75t_SL        1  0.9    14     9     133    (-,-) 
  g17178/Y        -       B->Y  F     AOI21xp5_ASAP7_75t_SL        1  1.0    13     8     140    (-,-) 
  g65/Y           -       A1->Y F     AO21x2_ASAP7_75t_SL          7  6.9    18    21     161    (-,-) 
  fopt15835/Y     -       A->Y  R     INVx2_ASAP7_75t_SL           2  1.8    10     6     167    (-,-) 
  g15220__16042/Y -       B2->Y R     AO22x2_ASAP7_75t_SL          4  3.8    14    16     183    (-,-) 
  g16045/Y        -       B->Y  R     AND2x4_ASAP7_75t_SL          2  1.9     6    11     195    (-,-) 
  g16046/Y        -       C->Y  F     AOI211x1_ASAP7_75t_SL        1  1.8    25     7     202    (-,-) 
  g17246/Y        -       B->Y  R     OAI21x1_ASAP7_75t_SL         2  2.4    18     8     210    (-,-) 
  g80/Y           -       B->Y  R     AND2x4_ASAP7_75t_SL          5  7.0    13    15     226    (-,-) 
  fopt/Y          -       A->Y  F     INVx4_ASAP7_75t_SL           5  5.0     9     5     231    (-,-) 
  g17179/Y        -       A1->Y F     AO22x2_ASAP7_75t_SL          3  2.4    10    16     247    (-,-) 
  g90/Y           -       B->Y  R     NAND2xp5_ASAP7_75t_SL        2  1.6    17     9     256    (-,-) 
  g16071/Y        -       C->Y  F     NAND4xp25_ASAP7_75t_SL       1  1.0    24    12     268    (-,-) 
  g148/Y          -       A1->Y F     OA21x2_ASAP7_75t_SL          5  5.8    16    20     287    (-,-) 
  fopt48/Y        -       A->Y  R     INVx2_ASAP7_75t_SL           3  3.2    12     8     295    (-,-) 
  fopt15791/Y     -       A->Y  F     INVx1_ASAP7_75t_SL           1  1.0     8     5     300    (-,-) 
  g16139/Y        -       A1->Y F     OA21x2_ASAP7_75t_SL          2  2.7    10    14     314    (-,-) 
  g61/Y           -       A->Y  R     NOR2xp67_ASAP7_75t_SL        1  1.3    14     8     322    (-,-) 
  g728/Y          -       A1->Y F     O2A1O1Ixp5_ASAP7_75t_SL      1  1.0    17     9     331    (-,-) 
  g15093__2398/Y  -       A1->Y R     AOI21xp5_ASAP7_75t_SL        1  1.0    17     9     340    (-,-) 
  Z_reg[0]/D      <<<     -     R     DFFHQNx1_ASAP7_75t_SL        1    -     -     0     340    (-,-) 
#------------------------------------------------------------------------------------------------------

