============================================================
  Generated by:           Genus(TM) Synthesis Solution 20.12-s150_1
  Generated on:           May 01 2022  08:42:26 pm
  Module:                 ALU
  Operating conditions:   PVT_0P77V_0C 
  Interconnect mode:      global
  Area mode:              physical library
============================================================


Path 1: MET (0 ps) Setup Check with Pin Z_reg[0]/CLK->D
          Group: clk
     Startpoint: (R) B[6]
          Clock: (R) clk
       Endpoint: (F) Z_reg[0]/D
          Clock: (R) clk

                     Capture       Launch     
        Clock Edge:+     400            0     
        Drv Adjust:+       0            0     
       Src Latency:+       0            0     
       Net Latency:+       0 (I)        0 (I) 
           Arrival:=     400            0     
                                              
             Setup:-       5                  
       Uncertainty:-       5                  
     Required Time:=     390                  
      Launch Clock:-       0                  
       Input Delay:-      15                  
         Data Path:-     375                  
             Slack:=       0                  

Exceptions/Constraints:
  input_delay              15             alu8.sdc_3_line_9_72_1 

#-----------------------------------------------------------------------------------------------------
# Timing Point   Flags   Arc   Edge          Cell            Fanout Load Trans Delay Arrival Instance 
#                                                                   (fF)  (ps)  (ps)   (ps)  Location 
#-----------------------------------------------------------------------------------------------------
  B[6]           -       -     R     (arrival)                    3  3.2     0     0      15    (-,-) 
  g33066__9945/Y -       A->Y  F     NOR2x1_ASAP7_75t_SL          4  3.0    16     9      24    (-,-) 
  g33035__5107/Y -       B->Y  R     NAND2xp5_ASAP7_75t_SL        2  2.4    22    13      37    (-,-) 
  g33022/Y       -       A->Y  F     INVx1_ASAP7_75t_SL           2  2.3    15     9      46    (-,-) 
  g33018__6783/Y -       B->Y  R     NAND2xp5_ASAP7_75t_SL        2  1.9    21    11      57    (-,-) 
  g32991__7098/Y -       A1->Y F     OAI21xp5_ASAP7_75t_SL        1  1.5    19    11      68    (-,-) 
  g32986__5122/Y -       B->Y  R     NOR2x1_ASAP7_75t_SL          2  2.2    17    10      78    (-,-) 
  g32978__5526/Y -       B->Y  F     AOI21x1_ASAP7_75t_SL         2  1.7    12     7      86    (-,-) 
  g32975__8428/Y -       B->Y  F     OR2x2_ASAP7_75t_SL           2  2.9    11    15     101    (-,-) 
  g32968__6417/Y -       A->Y  R     NAND4xp75_ASAP7_75t_SL       2  2.3    20     7     108    (-,-) 
  g32967__1666/Y -       B->Y  R     AND2x4_ASAP7_75t_SL          5  5.9    11    15     122    (-,-) 
  g32962__9945/Y -       B->Y  F     NOR2x1_ASAP7_75t_SL          4  3.3    18    11     133    (-,-) 
  g32948__7098/Y -       A2->Y R     OAI21xp5_ASAP7_75t_SL        3  2.4    29    16     149    (-,-) 
  g32937__1617/Y -       A1->Y F     OAI21xp5_ASAP7_75t_SL        2  1.7    23    12     162    (-,-) 
  g32927__5107/Y -       B->Y  F     AO21x2_ASAP7_75t_SL          4  4.9    15    20     181    (-,-) 
  g32926/Y       -       A->Y  R     INVx3_ASAP7_75t_SL           6  5.8    13     8     190    (-,-) 
  g32914__9945/Y -       A1->Y F     OAI21x1_ASAP7_75t_SL         1  2.1    16     7     197    (-,-) 
  g32912__6161/Y -       A->Y  R     NAND2x1p5_ASAP7_75t_SL       3  2.3    14    10     206    (-,-) 
  g32896__1705/Y -       B->Y  F     NAND2xp5_ASAP7_75t_SL        2  1.7    17    10     216    (-,-) 
  g32890__5107/Y -       C->Y  R     OAI211xp5_ASAP7_75t_SL       1  1.6    30    13     229    (-,-) 
  g32884__2346/Y -       B->Y  F     AOI21x1_ASAP7_75t_SL         2  2.2    19     9     238    (-,-) 
  g32877__6161/Y -       A->Y  F     OR2x6_ASAP7_75t_SL           6  8.8    12    19     257    (-,-) 
  g32876/Y       -       A->Y  R     INVx5_ASAP7_75t_SL           7  7.1    11     7     264    (-,-) 
  g32871__6131/Y -       B->Y  F     NOR2x1_ASAP7_75t_SL          2  1.7    18     8     272    (-,-) 
  g32858__2398/Y -       A2->Y F     OA21x2_ASAP7_75t_SL          4  3.7    12    18     290    (-,-) 
  g32831__4733/Y -       A->Y  R     NAND2x1_ASAP7_75t_SL         2  2.3    18    11     301    (-,-) 
  g32828__5122/Y -       A->Y  F     NAND2x1_ASAP7_75t_SL         2  1.8    12     6     307    (-,-) 
  g32815__8428/Y -       A2->Y F     AO21x2_ASAP7_75t_SL         11  9.4    23    22     329    (-,-) 
  g32814/Y       -       A->Y  R     INVx2_ASAP7_75t_SL           5  4.1    16    10     339    (-,-) 
  g32813__1666/Y -       B->Y  R     AND2x2_ASAP7_75t_SL          2  1.9     9    13     352    (-,-) 
  g32809/Y       -       A->Y  F     INVx1_ASAP7_75t_SL           1  1.5     9     6     358    (-,-) 
  g32796__8246/Y -       B->Y  F     XNOR2xp5_ASAP7_75t_SL        1  0.9    21    12     370    (-,-) 
  g32781__8428/Y -       A2->Y R     AOI21xp5_ASAP7_75t_SL        1  1.4    20    12     382    (-,-) 
  g32779__2398/Y -       A2->Y F     O2A1O1Ixp5_ASAP7_75t_SL      1  1.0    18     9     390    (-,-) 
  Z_reg[0]/D     <<<     -     F     DFFHQNx1_ASAP7_75t_SL        1    -     -     0     390    (-,-) 
#-----------------------------------------------------------------------------------------------------

