============================================================
  Generated by:           Genus(TM) Synthesis Solution 20.12-s150_1
  Generated on:           Apr 27 2022  12:06:08 am
  Module:                 ALU
  Operating conditions:   PVT_0P77V_0C 
  Interconnect mode:      global
  Area mode:              physical library
============================================================


Path 1: MET (0 ps) Setup Check with Pin Z_reg[0]/CLK->D
          Group: clk
     Startpoint: (R) B[5]
          Clock: (R) clk
       Endpoint: (R) Z_reg[0]/D
          Clock: (R) clk

                     Capture       Launch     
        Clock Edge:+      75            0     
        Drv Adjust:+       0            0     
       Src Latency:+       0            0     
       Net Latency:+       0 (I)        0 (I) 
           Arrival:=      75            0     
                                              
             Setup:-       7                  
       Uncertainty:-       5                  
     Required Time:=      63                  
      Launch Clock:-       0                  
       Input Delay:-      15                  
         Data Path:-      48                  
             Slack:=       0                  

Exceptions/Constraints:
  input_delay              15             alu8.sdc_line_9_10_1 

#----------------------------------------------------------------------------------------------------
# Timing Point   Flags   Arc   Edge          Cell           Fanout Load Trans Delay Arrival Instance 
#                                                                  (fF)  (ps)  (ps)   (ps)  Location 
#----------------------------------------------------------------------------------------------------
  B[5]           -       -     R     (arrival)                   1  1.0     0     0      15    (-,-) 
  g3508/Y        -       A->Y  F     INVx1_ASAP7_75t_SL          2  1.6     7     5      20    (-,-) 
  g3496__5122/Y  -       B->Y  F     AND2x2_ASAP7_75t_SL         2  1.7     7    11      31    (-,-) 
  g3487__5526/Y  -       C->Y  R     AOI221xp5_ASAP7_75t_SL      1  0.9    23    12      43    (-,-) 
  g3484__5107/Y  -       C->Y  F     OAI211xp5_ASAP7_75t_SL      1  0.9    20     9      52    (-,-) 
  g3483__2398/Y  -       B->Y  R     OAI211xp5_ASAP7_75t_SL      1  1.0    24    11      63    (-,-) 
  Z_reg[0]/D     -       -     R     DFFHQNx1_ASAP7_75t_SL       1    -     -     0      63    (-,-) 
#----------------------------------------------------------------------------------------------------

