============================================================
  Generated by:           Genus(TM) Synthesis Solution 20.12-s150_1
  Generated on:           May 01 2022  08:23:58 pm
  Module:                 ALU
  Operating conditions:   PVT_0P77V_0C 
  Interconnect mode:      global
  Area mode:              physical library
============================================================


Path 1: VIOLATED (-15 ps) Setup Check with Pin temp_reg[14]/CLK->D
          Group: clk
     Startpoint: (R) B[7]
          Clock: (R) clk
       Endpoint: (R) temp_reg[14]/D
          Clock: (R) clk

                     Capture       Launch     
        Clock Edge:+     150            0     
        Drv Adjust:+       0            0     
       Src Latency:+       0            0     
       Net Latency:+       0 (I)        0 (I) 
           Arrival:=     150            0     
                                              
             Setup:-      13                  
       Uncertainty:-       5                  
     Required Time:=     132                  
      Launch Clock:-       0                  
       Input Delay:-      15                  
         Data Path:-     132                  
             Slack:=     -15                  

Exceptions/Constraints:
  input_delay              15             alu8.sdc_2_line_9_50_1 

#----------------------------------------------------------------------------------------------------
# Timing Point   Flags   Arc   Edge          Cell           Fanout Load Trans Delay Arrival Instance 
#                                                                  (fF)  (ps)  (ps)   (ps)  Location 
#----------------------------------------------------------------------------------------------------
  B[7]           -       -     R     (arrival)                  12 17.2     0     0      15    (-,-) 
  g34545/Y       -       A->Y  F     NAND2x2_ASAP7_75t_SL        1  2.1     6     4      20    (-,-) 
  g44/Y          -       B->Y  F     XOR2x1_ASAP7_75t_SL         1  2.2    14    14      33    (-,-) 
  g162/Y         -       A->Y  F     XNOR2x1_ASAP7_75t_SL        2  1.8    15    13      46    (-,-) 
  g261/Y         -       A->Y  F     MAJx2_ASAP7_75t_SL          2  3.1    12    18      64    (-,-) 
  g42/Y          -       A->Y  F     XNOR2x1_ASAP7_75t_SL        1  2.2    14    13      78    (-,-) 
  g34784/Y       -       B->Y  F     XNOR2x1_ASAP7_75t_SL        4  3.9    20    17      94    (-,-) 
  g34926/Y       -       B->Y  R     NAND2xp5_ASAP7_75t_SL       2  1.5    17    11     105    (-,-) 
  g87/Y          -       B->Y  F     OAI21xp5_ASAP7_75t_SL       1  1.5    18     9     114    (-,-) 
  g34923/Y       -       A->Y  R     NOR2x1_ASAP7_75t_SL         1  1.5    14     8     122    (-,-) 
  g34664/Y       -       B->Y  R     AND2x4_ASAP7_75t_SL         5  6.5    12    14     136    (-,-) 
  fopt35943/Y    -       A->Y  F     INVx2_ASAP7_75t_SL          1  1.6     7     4     140    (-,-) 
  g66/Y          -       A3->Y R     AOI31xp67_ASAP7_75t_SL      1  0.9    12     7     147    (-,-) 
  temp_reg[14]/D <<<     -     R     SDFHx2_ASAP7_75t_SL         1    -     -     0     147    (-,-) 
#----------------------------------------------------------------------------------------------------

