============================================================
  Generated by:           Genus(TM) Synthesis Solution 20.12-s150_1
  Generated on:           Apr 26 2022  11:45:59 pm
  Module:                 ALU
  Operating conditions:   PVT_0P77V_0C 
  Interconnect mode:      global
  Area mode:              physical library
============================================================


Path 1: MET (1 ps) Setup Check with Pin Z_reg[6]/CLK->D
          Group: clk
     Startpoint: (R) B[6]
          Clock: (R) clk
       Endpoint: (R) Z_reg[6]/D
          Clock: (R) clk

                     Capture       Launch     
        Clock Edge:+      50            0     
        Drv Adjust:+       0            0     
       Src Latency:+       0            0     
       Net Latency:+       0 (I)        0 (I) 
           Arrival:=      50            0     
                                              
             Setup:-       6                  
       Uncertainty:-       5                  
     Required Time:=      38                  
      Launch Clock:-       0                  
       Input Delay:-      15                  
         Data Path:-      22                  
             Slack:=       1                  

Exceptions/Constraints:
  input_delay              15             alu8.sdc_line_9_9_1 

#----------------------------------------------------------------------------------------------------
#  Timing Point   Flags   Arc   Edge         Cell           Fanout Load Trans Delay Arrival Instance 
#                                                                  (fF)  (ps)  (ps)   (ps)  Location 
#----------------------------------------------------------------------------------------------------
  B[6]            -       -     R     (arrival)                  1  0.6     0     0      15    (-,-) 
  drc_buf_sp165/Y -       A->Y  R     HB1xp67_ASAP7_75t_L        1  0.9    10    11      26    (-,-) 
  g105__6260/Y    -       A->Y  R     OR2x2_ASAP7_75t_SL         1  1.0     6    12      37    (-,-) 
  Z_reg[6]/D      -       -     R     DFFHQNx1_ASAP7_75t_SL      1    -     -     0      37    (-,-) 
#----------------------------------------------------------------------------------------------------



Path 2: MET (1 ps) Setup Check with Pin Z_reg[7]/CLK->D
          Group: clk
     Startpoint: (R) B[7]
          Clock: (R) clk
       Endpoint: (R) Z_reg[7]/D
          Clock: (R) clk

                     Capture       Launch     
        Clock Edge:+      50            0     
        Drv Adjust:+       0            0     
       Src Latency:+       0            0     
       Net Latency:+       0 (I)        0 (I) 
           Arrival:=      50            0     
                                              
             Setup:-       6                  
       Uncertainty:-       5                  
     Required Time:=      38                  
      Launch Clock:-       0                  
       Input Delay:-      15                  
         Data Path:-      22                  
             Slack:=       1                  

Exceptions/Constraints:
  input_delay              15             alu8.sdc_line_9_8_1 

#---------------------------------------------------------------------------------------------------
# Timing Point   Flags   Arc   Edge         Cell           Fanout Load Trans Delay Arrival Instance 
#                                                                 (fF)  (ps)  (ps)   (ps)  Location 
#---------------------------------------------------------------------------------------------------
  B[7]           -       -     R     (arrival)                  1  0.6     0     0      15    (-,-) 
  drc_buf_sp/Y   -       A->Y  R     HB1xp67_ASAP7_75t_L        1  0.9    10    11      26    (-,-) 
  g108__5526/Y   -       A->Y  R     OR2x2_ASAP7_75t_SL         1  1.0     6    12      37    (-,-) 
  Z_reg[7]/D     -       -     R     DFFHQNx1_ASAP7_75t_SL      1    -     -     0      37    (-,-) 
#---------------------------------------------------------------------------------------------------



Path 3: MET (1 ps) Setup Check with Pin Z_reg[0]/CLK->D
          Group: clk
     Startpoint: (R) B[0]
          Clock: (R) clk
       Endpoint: (R) Z_reg[0]/D
          Clock: (R) clk

                     Capture       Launch     
        Clock Edge:+      50            0     
        Drv Adjust:+       0            0     
       Src Latency:+       0            0     
       Net Latency:+       0 (I)        0 (I) 
           Arrival:=      50            0     
                                              
             Setup:-       6                  
       Uncertainty:-       5                  
     Required Time:=      38                  
      Launch Clock:-       0                  
       Input Delay:-      15                  
         Data Path:-      22                  
             Slack:=       1                  

Exceptions/Constraints:
  input_delay              15             alu8.sdc_line_9_15_1 

#----------------------------------------------------------------------------------------------------
#  Timing Point   Flags   Arc   Edge         Cell           Fanout Load Trans Delay Arrival Instance 
#                                                                  (fF)  (ps)  (ps)   (ps)  Location 
#----------------------------------------------------------------------------------------------------
  B[0]            -       -     R     (arrival)                  1  0.6     0     0      15    (-,-) 
  drc_buf_sp147/Y -       A->Y  R     HB1xp67_ASAP7_75t_L        1  0.9    10    11      26    (-,-) 
  g111__8428/Y    -       A->Y  R     OR2x2_ASAP7_75t_SL         1  1.0     6    12      37    (-,-) 
  Z_reg[0]/D      -       -     R     DFFHQNx1_ASAP7_75t_SL      1    -     -     0      37    (-,-) 
#----------------------------------------------------------------------------------------------------



Path 4: MET (1 ps) Setup Check with Pin Z_reg[3]/CLK->D
          Group: clk
     Startpoint: (R) B[3]
          Clock: (R) clk
       Endpoint: (R) Z_reg[3]/D
          Clock: (R) clk

                     Capture       Launch     
        Clock Edge:+      50            0     
        Drv Adjust:+       0            0     
       Src Latency:+       0            0     
       Net Latency:+       0 (I)        0 (I) 
           Arrival:=      50            0     
                                              
             Setup:-       6                  
       Uncertainty:-       5                  
     Required Time:=      38                  
      Launch Clock:-       0                  
       Input Delay:-      15                  
         Data Path:-      22                  
             Slack:=       1                  

Exceptions/Constraints:
  input_delay              15             alu8.sdc_line_9_12_1 

#----------------------------------------------------------------------------------------------------
#  Timing Point   Flags   Arc   Edge         Cell           Fanout Load Trans Delay Arrival Instance 
#                                                                  (fF)  (ps)  (ps)   (ps)  Location 
#----------------------------------------------------------------------------------------------------
  B[3]            -       -     R     (arrival)                  1  0.6     0     0      15    (-,-) 
  drc_buf_sp156/Y -       A->Y  R     HB1xp67_ASAP7_75t_L        1  0.9    10    11      26    (-,-) 
  g112__3680/Y    -       A->Y  R     OR2x2_ASAP7_75t_SL         1  1.0     6    12      37    (-,-) 
  Z_reg[3]/D      -       -     R     DFFHQNx1_ASAP7_75t_SL      1    -     -     0      37    (-,-) 
#----------------------------------------------------------------------------------------------------



Path 5: MET (1 ps) Setup Check with Pin Z_reg[5]/CLK->D
          Group: clk
     Startpoint: (R) B[5]
          Clock: (R) clk
       Endpoint: (R) Z_reg[5]/D
          Clock: (R) clk

                     Capture       Launch     
        Clock Edge:+      50            0     
        Drv Adjust:+       0            0     
       Src Latency:+       0            0     
       Net Latency:+       0 (I)        0 (I) 
           Arrival:=      50            0     
                                              
             Setup:-       6                  
       Uncertainty:-       5                  
     Required Time:=      38                  
      Launch Clock:-       0                  
       Input Delay:-      15                  
         Data Path:-      22                  
             Slack:=       1                  

Exceptions/Constraints:
  input_delay              15             alu8.sdc_line_9_10_1 

#----------------------------------------------------------------------------------------------------
#  Timing Point   Flags   Arc   Edge         Cell           Fanout Load Trans Delay Arrival Instance 
#                                                                  (fF)  (ps)  (ps)   (ps)  Location 
#----------------------------------------------------------------------------------------------------
  B[5]            -       -     R     (arrival)                  1  0.6     0     0      15    (-,-) 
  drc_buf_sp162/Y -       A->Y  R     HB1xp67_ASAP7_75t_L        1  0.9    10    11      26    (-,-) 
  g106__4319/Y    -       A->Y  R     OR2x2_ASAP7_75t_SL         1  1.0     6    12      37    (-,-) 
  Z_reg[5]/D      -       -     R     DFFHQNx1_ASAP7_75t_SL      1    -     -     0      37    (-,-) 
#----------------------------------------------------------------------------------------------------



Path 6: MET (1 ps) Setup Check with Pin Z_reg[1]/CLK->D
          Group: clk
     Startpoint: (R) B[1]
          Clock: (R) clk
       Endpoint: (R) Z_reg[1]/D
          Clock: (R) clk

                     Capture       Launch     
        Clock Edge:+      50            0     
        Drv Adjust:+       0            0     
       Src Latency:+       0            0     
       Net Latency:+       0 (I)        0 (I) 
           Arrival:=      50            0     
                                              
             Setup:-       6                  
       Uncertainty:-       5                  
     Required Time:=      38                  
      Launch Clock:-       0                  
       Input Delay:-      15                  
         Data Path:-      22                  
             Slack:=       1                  

Exceptions/Constraints:
  input_delay              15             alu8.sdc_line_9_14_1 

#----------------------------------------------------------------------------------------------------
#  Timing Point   Flags   Arc   Edge         Cell           Fanout Load Trans Delay Arrival Instance 
#                                                                  (fF)  (ps)  (ps)   (ps)  Location 
#----------------------------------------------------------------------------------------------------
  B[1]            -       -     R     (arrival)                  1  0.6     0     0      15    (-,-) 
  drc_buf_sp150/Y -       A->Y  R     HB1xp67_ASAP7_75t_L        1  0.9    10    11      26    (-,-) 
  g109__5107/Y    -       A->Y  R     OR2x2_ASAP7_75t_SL         1  1.0     6    12      37    (-,-) 
  Z_reg[1]/D      -       -     R     DFFHQNx1_ASAP7_75t_SL      1    -     -     0      37    (-,-) 
#----------------------------------------------------------------------------------------------------



Path 7: MET (1 ps) Setup Check with Pin Z_reg[4]/CLK->D
          Group: clk
     Startpoint: (R) B[4]
          Clock: (R) clk
       Endpoint: (R) Z_reg[4]/D
          Clock: (R) clk

                     Capture       Launch     
        Clock Edge:+      50            0     
        Drv Adjust:+       0            0     
       Src Latency:+       0            0     
       Net Latency:+       0 (I)        0 (I) 
           Arrival:=      50            0     
                                              
             Setup:-       6                  
       Uncertainty:-       5                  
     Required Time:=      38                  
      Launch Clock:-       0                  
       Input Delay:-      15                  
         Data Path:-      22                  
             Slack:=       1                  

Exceptions/Constraints:
  input_delay              15             alu8.sdc_line_9_11_1 

#----------------------------------------------------------------------------------------------------
#  Timing Point   Flags   Arc   Edge         Cell           Fanout Load Trans Delay Arrival Instance 
#                                                                  (fF)  (ps)  (ps)   (ps)  Location 
#----------------------------------------------------------------------------------------------------
  B[4]            -       -     R     (arrival)                  1  0.6     0     0      15    (-,-) 
  drc_buf_sp159/Y -       A->Y  R     HB1xp67_ASAP7_75t_L        1  0.9    10    11      26    (-,-) 
  g107__2398/Y    -       A->Y  R     OR2x2_ASAP7_75t_SL         1  1.0     6    12      37    (-,-) 
  Z_reg[4]/D      -       -     R     DFFHQNx1_ASAP7_75t_SL      1    -     -     0      37    (-,-) 
#----------------------------------------------------------------------------------------------------



Path 8: MET (1 ps) Setup Check with Pin Z_reg[2]/CLK->D
          Group: clk
     Startpoint: (R) B[2]
          Clock: (R) clk
       Endpoint: (R) Z_reg[2]/D
          Clock: (R) clk

                     Capture       Launch     
        Clock Edge:+      50            0     
        Drv Adjust:+       0            0     
       Src Latency:+       0            0     
       Net Latency:+       0 (I)        0 (I) 
           Arrival:=      50            0     
                                              
             Setup:-       6                  
       Uncertainty:-       5                  
     Required Time:=      38                  
      Launch Clock:-       0                  
       Input Delay:-      15                  
         Data Path:-      22                  
             Slack:=       1                  

Exceptions/Constraints:
  input_delay              15             alu8.sdc_line_9_13_1 

#----------------------------------------------------------------------------------------------------
#  Timing Point   Flags   Arc   Edge         Cell           Fanout Load Trans Delay Arrival Instance 
#                                                                  (fF)  (ps)  (ps)   (ps)  Location 
#----------------------------------------------------------------------------------------------------
  B[2]            -       -     R     (arrival)                  1  0.6     0     0      15    (-,-) 
  drc_buf_sp153/Y -       A->Y  R     HB1xp67_ASAP7_75t_L        1  0.9    10    11      26    (-,-) 
  g110__6783/Y    -       A->Y  R     OR2x2_ASAP7_75t_SL         1  1.0     6    12      37    (-,-) 
  Z_reg[2]/D      -       -     R     DFFHQNx1_ASAP7_75t_SL      1    -     -     0      37    (-,-) 
#----------------------------------------------------------------------------------------------------



Path 9: MET (2 ps) Setup Check with Pin Z_reg[6]/CLK->D
          Group: clk
     Startpoint: (R) A[6]
          Clock: (R) clk
       Endpoint: (R) Z_reg[6]/D
          Clock: (R) clk

                     Capture       Launch     
        Clock Edge:+      50            0     
        Drv Adjust:+       0            0     
       Src Latency:+       0            0     
       Net Latency:+       0 (I)        0 (I) 
           Arrival:=      50            0     
                                              
             Setup:-       6                  
       Uncertainty:-       5                  
     Required Time:=      38                  
      Launch Clock:-       0                  
       Input Delay:-      15                  
         Data Path:-      22                  
             Slack:=       2                  

Exceptions/Constraints:
  input_delay              15             alu8.sdc_line_9_1_1 

#----------------------------------------------------------------------------------------------------
#  Timing Point   Flags   Arc   Edge         Cell           Fanout Load Trans Delay Arrival Instance 
#                                                                  (fF)  (ps)  (ps)   (ps)  Location 
#----------------------------------------------------------------------------------------------------
  A[6]            -       -     R     (arrival)                  1  0.6     0     0      15    (-,-) 
  drc_buf_sp141/Y -       A->Y  R     HB1xp67_ASAP7_75t_L        1  0.9    10    11      26    (-,-) 
  g105__6260/Y    -       B->Y  R     OR2x2_ASAP7_75t_SL         1  1.0     6    11      37    (-,-) 
  Z_reg[6]/D      -       -     R     DFFHQNx1_ASAP7_75t_SL      1    -     -     0      37    (-,-) 
#----------------------------------------------------------------------------------------------------



Path 10: MET (2 ps) Setup Check with Pin Z_reg[7]/CLK->D
          Group: clk
     Startpoint: (R) A[7]
          Clock: (R) clk
       Endpoint: (R) Z_reg[7]/D
          Clock: (R) clk

                     Capture       Launch     
        Clock Edge:+      50            0     
        Drv Adjust:+       0            0     
       Src Latency:+       0            0     
       Net Latency:+       0 (I)        0 (I) 
           Arrival:=      50            0     
                                              
             Setup:-       6                  
       Uncertainty:-       5                  
     Required Time:=      38                  
      Launch Clock:-       0                  
       Input Delay:-      15                  
         Data Path:-      22                  
             Slack:=       2                  

Exceptions/Constraints:
  input_delay              15             alu8.sdc_line_9 

#----------------------------------------------------------------------------------------------------
#  Timing Point   Flags   Arc   Edge         Cell           Fanout Load Trans Delay Arrival Instance 
#                                                                  (fF)  (ps)  (ps)   (ps)  Location 
#----------------------------------------------------------------------------------------------------
  A[7]            -       -     R     (arrival)                  1  0.6     0     0      15    (-,-) 
  drc_buf_sp144/Y -       A->Y  R     HB1xp67_ASAP7_75t_L        1  0.9    10    11      26    (-,-) 
  g108__5526/Y    -       B->Y  R     OR2x2_ASAP7_75t_SL         1  1.0     6    11      37    (-,-) 
  Z_reg[7]/D      -       -     R     DFFHQNx1_ASAP7_75t_SL      1    -     -     0      37    (-,-) 
#----------------------------------------------------------------------------------------------------



Path 11: MET (2 ps) Setup Check with Pin Z_reg[0]/CLK->D
          Group: clk
     Startpoint: (R) A[0]
          Clock: (R) clk
       Endpoint: (R) Z_reg[0]/D
          Clock: (R) clk

                     Capture       Launch     
        Clock Edge:+      50            0     
        Drv Adjust:+       0            0     
       Src Latency:+       0            0     
       Net Latency:+       0 (I)        0 (I) 
           Arrival:=      50            0     
                                              
             Setup:-       6                  
       Uncertainty:-       5                  
     Required Time:=      38                  
      Launch Clock:-       0                  
       Input Delay:-      15                  
         Data Path:-      22                  
             Slack:=       2                  

Exceptions/Constraints:
  input_delay              15             alu8.sdc_line_9_7_1 

#----------------------------------------------------------------------------------------------------
#  Timing Point   Flags   Arc   Edge         Cell           Fanout Load Trans Delay Arrival Instance 
#                                                                  (fF)  (ps)  (ps)   (ps)  Location 
#----------------------------------------------------------------------------------------------------
  A[0]            -       -     R     (arrival)                  1  0.6     0     0      15    (-,-) 
  drc_buf_sp123/Y -       A->Y  R     HB1xp67_ASAP7_75t_L        1  0.9    10    11      26    (-,-) 
  g111__8428/Y    -       B->Y  R     OR2x2_ASAP7_75t_SL         1  1.0     6    11      37    (-,-) 
  Z_reg[0]/D      -       -     R     DFFHQNx1_ASAP7_75t_SL      1    -     -     0      37    (-,-) 
#----------------------------------------------------------------------------------------------------



Path 12: MET (2 ps) Setup Check with Pin Z_reg[3]/CLK->D
          Group: clk
     Startpoint: (R) A[3]
          Clock: (R) clk
       Endpoint: (R) Z_reg[3]/D
          Clock: (R) clk

                     Capture       Launch     
        Clock Edge:+      50            0     
        Drv Adjust:+       0            0     
       Src Latency:+       0            0     
       Net Latency:+       0 (I)        0 (I) 
           Arrival:=      50            0     
                                              
             Setup:-       6                  
       Uncertainty:-       5                  
     Required Time:=      38                  
      Launch Clock:-       0                  
       Input Delay:-      15                  
         Data Path:-      22                  
             Slack:=       2                  

Exceptions/Constraints:
  input_delay              15             alu8.sdc_line_9_4_1 

#----------------------------------------------------------------------------------------------------
#  Timing Point   Flags   Arc   Edge         Cell           Fanout Load Trans Delay Arrival Instance 
#                                                                  (fF)  (ps)  (ps)   (ps)  Location 
#----------------------------------------------------------------------------------------------------
  A[3]            -       -     R     (arrival)                  1  0.6     0     0      15    (-,-) 
  drc_buf_sp132/Y -       A->Y  R     HB1xp67_ASAP7_75t_L        1  0.9    10    11      26    (-,-) 
  g112__3680/Y    -       B->Y  R     OR2x2_ASAP7_75t_SL         1  1.0     6    11      37    (-,-) 
  Z_reg[3]/D      -       -     R     DFFHQNx1_ASAP7_75t_SL      1    -     -     0      37    (-,-) 
#----------------------------------------------------------------------------------------------------



Path 13: MET (2 ps) Setup Check with Pin Z_reg[5]/CLK->D
          Group: clk
     Startpoint: (R) A[5]
          Clock: (R) clk
       Endpoint: (R) Z_reg[5]/D
          Clock: (R) clk

                     Capture       Launch     
        Clock Edge:+      50            0     
        Drv Adjust:+       0            0     
       Src Latency:+       0            0     
       Net Latency:+       0 (I)        0 (I) 
           Arrival:=      50            0     
                                              
             Setup:-       6                  
       Uncertainty:-       5                  
     Required Time:=      38                  
      Launch Clock:-       0                  
       Input Delay:-      15                  
         Data Path:-      22                  
             Slack:=       2                  

Exceptions/Constraints:
  input_delay              15             alu8.sdc_line_9_2_1 

#----------------------------------------------------------------------------------------------------
#  Timing Point   Flags   Arc   Edge         Cell           Fanout Load Trans Delay Arrival Instance 
#                                                                  (fF)  (ps)  (ps)   (ps)  Location 
#----------------------------------------------------------------------------------------------------
  A[5]            -       -     R     (arrival)                  1  0.6     0     0      15    (-,-) 
  drc_buf_sp138/Y -       A->Y  R     HB1xp67_ASAP7_75t_L        1  0.9    10    11      26    (-,-) 
  g106__4319/Y    -       B->Y  R     OR2x2_ASAP7_75t_SL         1  1.0     6    11      37    (-,-) 
  Z_reg[5]/D      -       -     R     DFFHQNx1_ASAP7_75t_SL      1    -     -     0      37    (-,-) 
#----------------------------------------------------------------------------------------------------



Path 14: MET (2 ps) Setup Check with Pin Z_reg[1]/CLK->D
          Group: clk
     Startpoint: (R) A[1]
          Clock: (R) clk
       Endpoint: (R) Z_reg[1]/D
          Clock: (R) clk

                     Capture       Launch     
        Clock Edge:+      50            0     
        Drv Adjust:+       0            0     
       Src Latency:+       0            0     
       Net Latency:+       0 (I)        0 (I) 
           Arrival:=      50            0     
                                              
             Setup:-       6                  
       Uncertainty:-       5                  
     Required Time:=      38                  
      Launch Clock:-       0                  
       Input Delay:-      15                  
         Data Path:-      22                  
             Slack:=       2                  

Exceptions/Constraints:
  input_delay              15             alu8.sdc_line_9_6_1 

#----------------------------------------------------------------------------------------------------
#  Timing Point   Flags   Arc   Edge         Cell           Fanout Load Trans Delay Arrival Instance 
#                                                                  (fF)  (ps)  (ps)   (ps)  Location 
#----------------------------------------------------------------------------------------------------
  A[1]            -       -     R     (arrival)                  1  0.6     0     0      15    (-,-) 
  drc_buf_sp126/Y -       A->Y  R     HB1xp67_ASAP7_75t_L        1  0.9    10    11      26    (-,-) 
  g109__5107/Y    -       B->Y  R     OR2x2_ASAP7_75t_SL         1  1.0     6    11      37    (-,-) 
  Z_reg[1]/D      -       -     R     DFFHQNx1_ASAP7_75t_SL      1    -     -     0      37    (-,-) 
#----------------------------------------------------------------------------------------------------



Path 15: MET (2 ps) Setup Check with Pin Z_reg[4]/CLK->D
          Group: clk
     Startpoint: (R) A[4]
          Clock: (R) clk
       Endpoint: (R) Z_reg[4]/D
          Clock: (R) clk

                     Capture       Launch     
        Clock Edge:+      50            0     
        Drv Adjust:+       0            0     
       Src Latency:+       0            0     
       Net Latency:+       0 (I)        0 (I) 
           Arrival:=      50            0     
                                              
             Setup:-       6                  
       Uncertainty:-       5                  
     Required Time:=      38                  
      Launch Clock:-       0                  
       Input Delay:-      15                  
         Data Path:-      22                  
             Slack:=       2                  

Exceptions/Constraints:
  input_delay              15             alu8.sdc_line_9_3_1 

#----------------------------------------------------------------------------------------------------
#  Timing Point   Flags   Arc   Edge         Cell           Fanout Load Trans Delay Arrival Instance 
#                                                                  (fF)  (ps)  (ps)   (ps)  Location 
#----------------------------------------------------------------------------------------------------
  A[4]            -       -     R     (arrival)                  1  0.6     0     0      15    (-,-) 
  drc_buf_sp135/Y -       A->Y  R     HB1xp67_ASAP7_75t_L        1  0.9    10    11      26    (-,-) 
  g107__2398/Y    -       B->Y  R     OR2x2_ASAP7_75t_SL         1  1.0     6    11      37    (-,-) 
  Z_reg[4]/D      -       -     R     DFFHQNx1_ASAP7_75t_SL      1    -     -     0      37    (-,-) 
#----------------------------------------------------------------------------------------------------



Path 16: MET (2 ps) Setup Check with Pin Z_reg[2]/CLK->D
          Group: clk
     Startpoint: (R) A[2]
          Clock: (R) clk
       Endpoint: (R) Z_reg[2]/D
          Clock: (R) clk

                     Capture       Launch     
        Clock Edge:+      50            0     
        Drv Adjust:+       0            0     
       Src Latency:+       0            0     
       Net Latency:+       0 (I)        0 (I) 
           Arrival:=      50            0     
                                              
             Setup:-       6                  
       Uncertainty:-       5                  
     Required Time:=      38                  
      Launch Clock:-       0                  
       Input Delay:-      15                  
         Data Path:-      22                  
             Slack:=       2                  

Exceptions/Constraints:
  input_delay              15             alu8.sdc_line_9_5_1 

#----------------------------------------------------------------------------------------------------
#  Timing Point   Flags   Arc   Edge         Cell           Fanout Load Trans Delay Arrival Instance 
#                                                                  (fF)  (ps)  (ps)   (ps)  Location 
#----------------------------------------------------------------------------------------------------
  A[2]            -       -     R     (arrival)                  1  0.6     0     0      15    (-,-) 
  drc_buf_sp129/Y -       A->Y  R     HB1xp67_ASAP7_75t_L        1  0.9    10    11      26    (-,-) 
  g110__6783/Y    -       B->Y  R     OR2x2_ASAP7_75t_SL         1  1.0     6    11      37    (-,-) 
  Z_reg[2]/D      -       -     R     DFFHQNx1_ASAP7_75t_SL      1    -     -     0      37    (-,-) 
#----------------------------------------------------------------------------------------------------



Path 17: MET (7 ps) Late External Delay Assertion at pin Z[0]
          Group: clk
     Startpoint: (R) Z_reg[0]/CLK
          Clock: (R) clk
       Endpoint: (R) Z[0]
          Clock: (R) clk

                     Capture       Launch     
        Clock Edge:+      50            0     
       Src Latency:+       0            0     
       Net Latency:+       0 (I)        0 (I) 
           Arrival:=      50            0     
                                              
      Output Delay:-      15                  
       Uncertainty:-       5                  
     Required Time:=      30                  
      Launch Clock:-       0                  
         Data Path:-      23                  
             Slack:=       7                  

Exceptions/Constraints:
  output_delay              15             alu8.sdc_line_13_22_1 

#-----------------------------------------------------------------------------------------------------
# Timing Point   Flags    Arc    Edge         Cell           Fanout Load Trans Delay Arrival Instance 
#                                                                   (fF)  (ps)  (ps)   (ps)  Location 
#-----------------------------------------------------------------------------------------------------
  Z_reg[0]/CLK   -       -       R     (arrival)                  8    -     0     0       0    (-,-) 
  Z_reg[0]/QN    -       CLK->QN R     DFFHQNx1_ASAP7_75t_SL      1  0.4    10    23      23    (-,-) 
  Z[0]           -       -       R     (port)                     -    -     -     0      23    (-,-) 
#-----------------------------------------------------------------------------------------------------



Path 18: MET (7 ps) Late External Delay Assertion at pin Z[1]
          Group: clk
     Startpoint: (R) Z_reg[1]/CLK
          Clock: (R) clk
       Endpoint: (R) Z[1]
          Clock: (R) clk

                     Capture       Launch     
        Clock Edge:+      50            0     
       Src Latency:+       0            0     
       Net Latency:+       0 (I)        0 (I) 
           Arrival:=      50            0     
                                              
      Output Delay:-      15                  
       Uncertainty:-       5                  
     Required Time:=      30                  
      Launch Clock:-       0                  
         Data Path:-      23                  
             Slack:=       7                  

Exceptions/Constraints:
  output_delay              15             alu8.sdc_line_13_21_1 

#-----------------------------------------------------------------------------------------------------
# Timing Point   Flags    Arc    Edge         Cell           Fanout Load Trans Delay Arrival Instance 
#                                                                   (fF)  (ps)  (ps)   (ps)  Location 
#-----------------------------------------------------------------------------------------------------
  Z_reg[1]/CLK   -       -       R     (arrival)                  8    -     0     0       0    (-,-) 
  Z_reg[1]/QN    -       CLK->QN R     DFFHQNx1_ASAP7_75t_SL      1  0.4    10    23      23    (-,-) 
  Z[1]           -       -       R     (port)                     -    -     -     0      23    (-,-) 
#-----------------------------------------------------------------------------------------------------



Path 19: MET (7 ps) Late External Delay Assertion at pin Z[2]
          Group: clk
     Startpoint: (R) Z_reg[2]/CLK
          Clock: (R) clk
       Endpoint: (R) Z[2]
          Clock: (R) clk

                     Capture       Launch     
        Clock Edge:+      50            0     
       Src Latency:+       0            0     
       Net Latency:+       0 (I)        0 (I) 
           Arrival:=      50            0     
                                              
      Output Delay:-      15                  
       Uncertainty:-       5                  
     Required Time:=      30                  
      Launch Clock:-       0                  
         Data Path:-      23                  
             Slack:=       7                  

Exceptions/Constraints:
  output_delay              15             alu8.sdc_line_13_20_1 

#-----------------------------------------------------------------------------------------------------
# Timing Point   Flags    Arc    Edge         Cell           Fanout Load Trans Delay Arrival Instance 
#                                                                   (fF)  (ps)  (ps)   (ps)  Location 
#-----------------------------------------------------------------------------------------------------
  Z_reg[2]/CLK   -       -       R     (arrival)                  8    -     0     0       0    (-,-) 
  Z_reg[2]/QN    -       CLK->QN R     DFFHQNx1_ASAP7_75t_SL      1  0.4    10    23      23    (-,-) 
  Z[2]           -       -       R     (port)                     -    -     -     0      23    (-,-) 
#-----------------------------------------------------------------------------------------------------



Path 20: MET (7 ps) Late External Delay Assertion at pin Z[3]
          Group: clk
     Startpoint: (R) Z_reg[3]/CLK
          Clock: (R) clk
       Endpoint: (R) Z[3]
          Clock: (R) clk

                     Capture       Launch     
        Clock Edge:+      50            0     
       Src Latency:+       0            0     
       Net Latency:+       0 (I)        0 (I) 
           Arrival:=      50            0     
                                              
      Output Delay:-      15                  
       Uncertainty:-       5                  
     Required Time:=      30                  
      Launch Clock:-       0                  
         Data Path:-      23                  
             Slack:=       7                  

Exceptions/Constraints:
  output_delay              15             alu8.sdc_line_13_19_1 

#-----------------------------------------------------------------------------------------------------
# Timing Point   Flags    Arc    Edge         Cell           Fanout Load Trans Delay Arrival Instance 
#                                                                   (fF)  (ps)  (ps)   (ps)  Location 
#-----------------------------------------------------------------------------------------------------
  Z_reg[3]/CLK   -       -       R     (arrival)                  8    -     0     0       0    (-,-) 
  Z_reg[3]/QN    -       CLK->QN R     DFFHQNx1_ASAP7_75t_SL      1  0.4    10    23      23    (-,-) 
  Z[3]           -       -       R     (port)                     -    -     -     0      23    (-,-) 
#-----------------------------------------------------------------------------------------------------



Path 21: MET (7 ps) Late External Delay Assertion at pin Z[4]
          Group: clk
     Startpoint: (R) Z_reg[4]/CLK
          Clock: (R) clk
       Endpoint: (R) Z[4]
          Clock: (R) clk

                     Capture       Launch     
        Clock Edge:+      50            0     
       Src Latency:+       0            0     
       Net Latency:+       0 (I)        0 (I) 
           Arrival:=      50            0     
                                              
      Output Delay:-      15                  
       Uncertainty:-       5                  
     Required Time:=      30                  
      Launch Clock:-       0                  
         Data Path:-      23                  
             Slack:=       7                  

Exceptions/Constraints:
  output_delay              15             alu8.sdc_line_13_18_1 

#-----------------------------------------------------------------------------------------------------
# Timing Point   Flags    Arc    Edge         Cell           Fanout Load Trans Delay Arrival Instance 
#                                                                   (fF)  (ps)  (ps)   (ps)  Location 
#-----------------------------------------------------------------------------------------------------
  Z_reg[4]/CLK   -       -       R     (arrival)                  8    -     0     0       0    (-,-) 
  Z_reg[4]/QN    -       CLK->QN R     DFFHQNx1_ASAP7_75t_SL      1  0.4    10    23      23    (-,-) 
  Z[4]           -       -       R     (port)                     -    -     -     0      23    (-,-) 
#-----------------------------------------------------------------------------------------------------



Path 22: MET (7 ps) Late External Delay Assertion at pin Z[5]
          Group: clk
     Startpoint: (R) Z_reg[5]/CLK
          Clock: (R) clk
       Endpoint: (R) Z[5]
          Clock: (R) clk

                     Capture       Launch     
        Clock Edge:+      50            0     
       Src Latency:+       0            0     
       Net Latency:+       0 (I)        0 (I) 
           Arrival:=      50            0     
                                              
      Output Delay:-      15                  
       Uncertainty:-       5                  
     Required Time:=      30                  
      Launch Clock:-       0                  
         Data Path:-      23                  
             Slack:=       7                  

Exceptions/Constraints:
  output_delay              15             alu8.sdc_line_13_17_1 

#-----------------------------------------------------------------------------------------------------
# Timing Point   Flags    Arc    Edge         Cell           Fanout Load Trans Delay Arrival Instance 
#                                                                   (fF)  (ps)  (ps)   (ps)  Location 
#-----------------------------------------------------------------------------------------------------
  Z_reg[5]/CLK   -       -       R     (arrival)                  8    -     0     0       0    (-,-) 
  Z_reg[5]/QN    -       CLK->QN R     DFFHQNx1_ASAP7_75t_SL      1  0.4    10    23      23    (-,-) 
  Z[5]           -       -       R     (port)                     -    -     -     0      23    (-,-) 
#-----------------------------------------------------------------------------------------------------



Path 23: MET (7 ps) Late External Delay Assertion at pin Z[6]
          Group: clk
     Startpoint: (R) Z_reg[6]/CLK
          Clock: (R) clk
       Endpoint: (R) Z[6]
          Clock: (R) clk

                     Capture       Launch     
        Clock Edge:+      50            0     
       Src Latency:+       0            0     
       Net Latency:+       0 (I)        0 (I) 
           Arrival:=      50            0     
                                              
      Output Delay:-      15                  
       Uncertainty:-       5                  
     Required Time:=      30                  
      Launch Clock:-       0                  
         Data Path:-      23                  
             Slack:=       7                  

Exceptions/Constraints:
  output_delay              15             alu8.sdc_line_13_16_1 

#-----------------------------------------------------------------------------------------------------
# Timing Point   Flags    Arc    Edge         Cell           Fanout Load Trans Delay Arrival Instance 
#                                                                   (fF)  (ps)  (ps)   (ps)  Location 
#-----------------------------------------------------------------------------------------------------
  Z_reg[6]/CLK   -       -       R     (arrival)                  8    -     0     0       0    (-,-) 
  Z_reg[6]/QN    -       CLK->QN R     DFFHQNx1_ASAP7_75t_SL      1  0.4    10    23      23    (-,-) 
  Z[6]           -       -       R     (port)                     -    -     -     0      23    (-,-) 
#-----------------------------------------------------------------------------------------------------



Path 24: MET (7 ps) Late External Delay Assertion at pin Z[7]
          Group: clk
     Startpoint: (R) Z_reg[7]/CLK
          Clock: (R) clk
       Endpoint: (R) Z[7]
          Clock: (R) clk

                     Capture       Launch     
        Clock Edge:+      50            0     
       Src Latency:+       0            0     
       Net Latency:+       0 (I)        0 (I) 
           Arrival:=      50            0     
                                              
      Output Delay:-      15                  
       Uncertainty:-       5                  
     Required Time:=      30                  
      Launch Clock:-       0                  
         Data Path:-      23                  
             Slack:=       7                  

Exceptions/Constraints:
  output_delay              15             alu8.sdc_line_13_15_1 

#-----------------------------------------------------------------------------------------------------
# Timing Point   Flags    Arc    Edge         Cell           Fanout Load Trans Delay Arrival Instance 
#                                                                   (fF)  (ps)  (ps)   (ps)  Location 
#-----------------------------------------------------------------------------------------------------
  Z_reg[7]/CLK   -       -       R     (arrival)                  8    -     0     0       0    (-,-) 
  Z_reg[7]/QN    -       CLK->QN R     DFFHQNx1_ASAP7_75t_SL      1  0.4    10    23      23    (-,-) 
  Z[7]           -       -       R     (port)                     -    -     -     0      23    (-,-) 
#-----------------------------------------------------------------------------------------------------

Some unconstrained paths have not been displayed.
Use -unconstrained or set the root attribute 'timing_report_unconstrained' to 'true' to see only these unconstrained paths.

