============================================================
  Generated by:           Genus(TM) Synthesis Solution 20.12-s150_1
  Generated on:           Apr 27 2022  12:18:51 am
  Module:                 ALU
  Operating conditions:   PVT_0P77V_0C 
  Interconnect mode:      global
  Area mode:              physical library
============================================================


Path 1: MET (5 ps) Setup Check with Pin Z_reg[6]/CLK->D
          Group: clk
     Startpoint: (R) B[6]
          Clock: (R) clk
       Endpoint: (F) Z_reg[6]/D
          Clock: (R) clk

                     Capture       Launch     
        Clock Edge:+      50            0     
        Drv Adjust:+       0            0     
       Src Latency:+       0            0     
       Net Latency:+       0 (I)        0 (I) 
           Arrival:=      50            0     
                                              
             Setup:-       4                  
       Uncertainty:-       5                  
     Required Time:=      40                  
      Launch Clock:-       0                  
       Input Delay:-      15                  
         Data Path:-      20                  
             Slack:=       5                  

Exceptions/Constraints:
  input_delay              15             alu8.sdc_line_9_9_1 

#----------------------------------------------------------------------------------------------------
#  Timing Point   Flags   Arc   Edge         Cell           Fanout Load Trans Delay Arrival Instance 
#                                                                  (fF)  (ps)  (ps)   (ps)  Location 
#----------------------------------------------------------------------------------------------------
  B[6]            -       -     R     (arrival)                  1  0.6     0     0      15    (-,-) 
  drc_buf_sp101/Y -       A->Y  R     HB1xp67_ASAP7_75t_L        1  0.7     9    10      25    (-,-) 
  g41__6260/Y     -       A->Y  F     NOR2xp33_ASAP7_75t_SL      1  1.0    17    10      35    (-,-) 
  Z_reg[6]/D      -       -     F     DFFHQNx1_ASAP7_75t_SL      1    -     -     0      36    (-,-) 
#----------------------------------------------------------------------------------------------------

